<?xml version="1.0" encoding="UTF-8"?>
<!-- Generated by org.testng.reporters.JUnitReportReporter -->
<testsuite hostname="DESKTOP-OC8SAEU" failures="0" tests="7" name="com.tutoialsninja.qa.testcasesWithPageObject.LoginTest" time="42.224" errors="0" timestamp="2023-02-08T18:04:46 GMT" skipped="0">
  <testcase classname="com.tutoialsninja.qa.testcasesWithPageObject.LoginTest" name="verifyLoginWithValidCredentials" time="5.390"/>
  <system-out/>
  <testcase classname="com.tutoialsninja.qa.testcasesWithPageObject.LoginTest" name="verifyLoginWithValidCredentials" time="5.798"/>
  <system-out/>
  <testcase classname="com.tutoialsninja.qa.testcasesWithPageObject.LoginTest" name="verifyLoginWithValidCredentials" time="9.969"/>
  <system-out/>
  <testcase classname="com.tutoialsninja.qa.testcasesWithPageObject.LoginTest" name="verifyLoginWithInvalidCredentials" time="5.421"/>
  <system-out/>
  <testcase classname="com.tutoialsninja.qa.testcasesWithPageObject.LoginTest" name="verifyLoginWithInvalidEmailAndInvalidPasswordCredentials" time="5.400"/>
  <system-out/>
  <testcase classname="com.tutoialsninja.qa.testcasesWithPageObject.LoginTest" name="verifyLoginWithValidEmailAndInvalidPasswordCredentials" time="5.218"/>
  <system-out/>
  <testcase classname="com.tutoialsninja.qa.testcasesWithPageObject.LoginTest" name="verifyLoginWithoutEmailAndPassword" time="5.028"/>
  <system-out/>
</testsuite> <!-- com.tutoialsninja.qa.testcasesWithPageObject.LoginTest -->
