<?xml version="1.0" encoding="UTF-8"?>
<!-- Generated by org.testng.reporters.JUnitReportReporter -->
<testsuite hostname="DESKTOP-OC8SAEU" failures="0" tests="4" name="com.tutoialsninja.qa.testcasesWithPageObject.RegisterTest" time="24.411" errors="0" timestamp="2023-02-08T18:04:46 GMT" skipped="0">
  <testcase classname="com.tutoialsninja.qa.testcasesWithPageObject.RegisterTest" name="verifyRegisteringAnAccountWithMandatoryFields" time="6.337"/>
  <system-out/>
  <testcase classname="com.tutoialsninja.qa.testcasesWithPageObject.RegisterTest" name="verifyRegisteringAnAccountByProvidindAllFields" time="6.552"/>
  <system-out/>
  <testcase classname="com.tutoialsninja.qa.testcasesWithPageObject.RegisterTest" name="verifyRegisteringAnAccountWithAnExistingEmailAddress" time="6.116"/>
  <system-out/>
  <testcase classname="com.tutoialsninja.qa.testcasesWithPageObject.RegisterTest" name="verifyRegisteringAnAccountWithoutFillingAnyDetails" time="5.406"/>
  <system-out/>
</testsuite> <!-- com.tutoialsninja.qa.testcasesWithPageObject.RegisterTest -->
